2024-04-02 23:19:40,003 [INFO] Activator:176 - 


2024-04-02 23:19:40,005 [INFO] Activator:177 - !SESSION log4j initialized
2024-04-02 23:19:43,712 [INFO] LogOutputStream:77 - [STDOUT_REDIRECT] 
2024-04-02 23:19:46,232 [INFO] ApplicationProperties:184 - Using Application install path: C:\ST\STM32CubeIDE_1.15.0\STM32CubeIDE\plugins\com.st.stm32cube.common.mx_6.11.0.202403141607
2024-04-02 23:19:46,245 [INFO] DbMcusXml:78 - Set database path to: C:\ST\STM32CubeIDE_1.15.0\STM32CubeIDE\plugins\com.st.stm32cube.common.mx_6.11.0.202403141607\\db\/mcu/
2024-04-02 23:19:46,245 [INFO] ApiDb:274 - Set plugin database path to: C:\ST\STM32CubeIDE_1.15.0\STM32CubeIDE\plugins\com.st.stm32cube.common.mx_6.11.0.202403141607\\db\/plugins/boardmanager/
2024-04-02 23:19:46,245 [WARN] ApiDb:259 - Overriding images path with different value:  => C:\ST\STM32CubeIDE_1.15.0\STM32CubeIDE\plugins\com.st.stm32cube.common.mx_6.11.0.202403141607\\db\/plugins/mcufinder/images/
2024-04-02 23:19:46,250 [INFO] ApiDb:250 - Set database path to: C:\Users\erick\.stmcufinder\plugins\mcufinder//mcu/
2024-04-02 23:19:46,251 [INFO] DbMcusAds:125 - Set database path to: C:\Users\erick\.stmcufinder\plugins\mcufinder//mcu/
2024-04-02 23:19:46,252 [INFO] CrossReferenceDbSqlite:203 - Set database path to: C:\Users\erick\.stmcufinder\plugins\mcufinder//mcu/cs/
2024-04-02 23:19:46,337 [INFO] RulesReader:64 - Compatibility file has been processed (297 Rules)
2024-04-02 23:19:46,410 [INFO] DbMcusXml:78 - Set database path to: C:\ST\STM32CubeIDE_1.15.0\STM32CubeIDE\plugins\com.st.stm32cube.common.mx_6.11.0.202403141607\\db\/mcu/
2024-04-02 23:19:46,410 [INFO] ApiDb:274 - Set plugin database path to: C:\ST\STM32CubeIDE_1.15.0\STM32CubeIDE\plugins\com.st.stm32cube.common.mx_6.11.0.202403141607\\db\/plugins/boardmanager/
2024-04-02 23:19:46,410 [INFO] ApiDb:261 - Set plugin images path to: C:\ST\STM32CubeIDE_1.15.0\STM32CubeIDE\plugins\com.st.stm32cube.common.mx_6.11.0.202403141607\\db\/plugins/mcufinder/images/
2024-04-02 23:19:46,410 [WARN] DbFile:41 - Overriding database path with different value: C:\Users\erick\.stmcufinder\plugins\mcufinder/ => C:\Users\erick\.stmcufinder\plugins\mcufinder
2024-04-02 23:19:46,410 [INFO] ApiDb:250 - Set database path to: C:\Users\erick\.stmcufinder\plugins\mcufinder//mcu/
2024-04-02 23:19:46,410 [WARN] DbFile:41 - Overriding database path with different value: C:\Users\erick\.stmcufinder\plugins\mcufinder/ => C:\Users\erick\.stmcufinder\plugins\mcufinder
2024-04-02 23:19:46,410 [INFO] DbMcusAds:125 - Set database path to: C:\Users\erick\.stmcufinder\plugins\mcufinder//mcu/
2024-04-02 23:19:46,410 [WARN] DbFile:41 - Overriding database path with different value: C:\Users\erick\.stmcufinder\plugins\mcufinder/ => C:\Users\erick\.stmcufinder\plugins\mcufinder
2024-04-02 23:19:46,410 [WARN] DbFile:41 - Overriding database path with different value: C:\Users\erick\.stmcufinder\plugins\mcufinder/ => C:\Users\erick\.stmcufinder\plugins\mcufinder
2024-04-02 23:19:46,410 [INFO] CrossReferenceDbSqlite:203 - Set database path to: C:\Users\erick\.stmcufinder\plugins\mcufinder//mcu/cs/
2024-04-02 23:19:46,474 [INFO] MainPanel:264 - HeapMemory: 268435456
2024-04-02 23:19:46,534 [INFO] DbMcusXml:78 - Set database path to: C:\ST\STM32CubeIDE_1.15.0\STM32CubeIDE\plugins\com.st.stm32cube.common.mx_6.11.0.202403141607\\db\/mcu/
2024-04-02 23:19:46,534 [INFO] ApiDb:274 - Set plugin database path to: C:\ST\STM32CubeIDE_1.15.0\STM32CubeIDE\plugins\com.st.stm32cube.common.mx_6.11.0.202403141607\\db\/plugins/boardmanager/
2024-04-02 23:19:46,534 [INFO] ApiDb:261 - Set plugin images path to: C:\ST\STM32CubeIDE_1.15.0\STM32CubeIDE\plugins\com.st.stm32cube.common.mx_6.11.0.202403141607\\db\/plugins/mcufinder/images/
2024-04-02 23:19:46,534 [WARN] DbFile:41 - Overriding database path with different value: C:\Users\erick\.stmcufinder\plugins\mcufinder/ => C:\Users\erick\.stmcufinder\plugins\mcufinder
2024-04-02 23:19:46,534 [INFO] ApiDb:250 - Set database path to: C:\Users\erick\.stmcufinder\plugins\mcufinder//mcu/
2024-04-02 23:19:46,534 [WARN] DbFile:41 - Overriding database path with different value: C:\Users\erick\.stmcufinder\plugins\mcufinder/ => C:\Users\erick\.stmcufinder\plugins\mcufinder
2024-04-02 23:19:46,534 [INFO] DbMcusAds:125 - Set database path to: C:\Users\erick\.stmcufinder\plugins\mcufinder//mcu/
2024-04-02 23:19:46,534 [WARN] DbFile:41 - Overriding database path with different value: C:\Users\erick\.stmcufinder\plugins\mcufinder/ => C:\Users\erick\.stmcufinder\plugins\mcufinder
2024-04-02 23:19:46,535 [WARN] DbFile:41 - Overriding database path with different value: C:\Users\erick\.stmcufinder\plugins\mcufinder/ => C:\Users\erick\.stmcufinder\plugins\mcufinder
2024-04-02 23:19:46,535 [INFO] CrossReferenceDbSqlite:203 - Set database path to: C:\Users\erick\.stmcufinder\plugins\mcufinder//mcu/cs/
2024-04-02 23:19:46,550 [INFO] ApplicationProperties:184 - Using Application install path: C:\ST\STM32CubeIDE_1.15.0\STM32CubeIDE\plugins\com.st.stm32cube.common.mx_6.11.0.202403141607
2024-04-02 23:19:46,551 [INFO] PluginManage:196 - Search for loadable plugins [exclusion list=, ]
2024-04-02 23:19:46,553 [INFO] PluginManage:310 - Check plugin analytics
2024-04-02 23:19:46,749 [INFO] AnalyticsPlugin:253 - Accepted Software Licenses: 
2024-04-02 23:19:46,749 [INFO] AnalyticsPlugin:255 - Accepted CMSIS Pack Licenses: 
2024-04-02 23:19:46,751 [INFO] AnalyticsPlugin:257 - Accepted Firmware Licenses: FW.F7.1.17.0
2024-04-02 23:19:46,753 [INFO] PluginManage:359 - Loaded plugin analytics (category:tool,tabindex:-1)
2024-04-02 23:19:46,753 [INFO] PluginManage:310 - Check plugin cadmodel
2024-04-02 23:19:46,758 [INFO] CADModel:105 - Init CAD model plugin
2024-04-02 23:19:46,758 [INFO] PluginManage:359 - Loaded plugin cadmodel (category:power,tabindex:5)
2024-04-02 23:19:46,758 [INFO] PluginManage:310 - Check plugin clock
2024-04-02 23:19:46,767 [INFO] PluginManage:359 - Loaded plugin clock (category:base,tabindex:2)
2024-04-02 23:19:46,767 [INFO] PluginManage:310 - Check plugin ddr
2024-04-02 23:19:46,769 [INFO] PluginManage:359 - Loaded plugin ddr (category:tool,tabindex:6)
2024-04-02 23:19:46,770 [INFO] PluginManage:310 - Check plugin filemanager
2024-04-02 23:19:46,890 [INFO] PluginManage:359 - Loaded plugin filemanager (category:base,tabindex:10)
2024-04-02 23:19:46,890 [INFO] PluginManage:310 - Check plugin ipmanager
2024-04-02 23:19:46,898 [INFO] PluginManage:359 - Loaded plugin ipmanager (category:base,tabindex:5)
2024-04-02 23:19:46,898 [INFO] PluginManage:310 - Check plugin lpbam
2024-04-02 23:19:46,906 [INFO] PluginManage:359 - Loaded plugin lpbam (category:base,tabindex:0)
2024-04-02 23:19:46,906 [INFO] PluginManage:310 - Check plugin memorymap
2024-04-02 23:19:46,924 [INFO] PluginManage:359 - Loaded plugin memorymap (category:base,tabindex:4)
2024-04-02 23:19:46,924 [INFO] PluginManage:310 - Check plugin pinoutandconfiguration
2024-04-02 23:19:46,930 [INFO] PluginManage:359 - Loaded plugin pinoutandconfiguration (category:base,tabindex:1)
2024-04-02 23:19:46,931 [INFO] PluginManage:310 - Check plugin pinoutconfig
2024-04-02 23:19:47,022 [WARN] SupportedApi:132 - Cannot load RTOS API schema: s4s-elt-must-match.1: The content of 'definitions' must match (annotation?, (simpleType | complexType)?, (unique | key | keyref)*)). A problem was found starting at: attribute.
2024-04-02 23:19:47,129 [INFO] PluginManage:359 - Loaded plugin pinoutconfig (category:base,tabindex:0)
2024-04-02 23:19:47,129 [INFO] PluginManage:310 - Check plugin power
2024-04-02 23:19:47,135 [INFO] PluginManage:359 - Loaded plugin power (category:power,tabindex:4)
2024-04-02 23:19:47,135 [INFO] PluginManage:310 - Check plugin projectmanager
2024-04-02 23:19:47,151 [INFO] PluginManage:359 - Loaded plugin projectmanager (category:projectmanager,tabindex:3)
2024-04-02 23:19:47,151 [INFO] PluginManage:310 - Check plugin thirdparty
2024-04-02 23:19:47,260 [INFO] PluginManage:359 - Loaded plugin thirdparty (category:base,tabindex:-1)
2024-04-02 23:19:47,260 [INFO] PluginManage:310 - Check plugin tools
2024-04-02 23:19:47,260 [WARN] IntegrityCheckThread:84 - waiting for thirdparty lock release [integrity check]
2024-04-02 23:19:47,260 [INFO] IntegrityCheckThread:86 - entering critical section [integrity check]
2024-04-02 23:19:47,260 [INFO] ThirdPartyUpdaterWithRetryManager:70 - Updater plugin not ready yet. [1/15]
2024-04-02 23:19:47,262 [INFO] PluginManage:359 - Loaded plugin tools (category:base,tabindex:7)
2024-04-02 23:19:47,262 [INFO] PluginManage:310 - Check plugin tutovideos
2024-04-02 23:19:47,400 [INFO] PluginManage:359 - Loaded plugin tutovideos (category:base,tabindex:-1)
2024-04-02 23:19:47,402 [INFO] PluginManage:310 - Check plugin updater
2024-04-02 23:19:47,408 [INFO] PluginManage:359 - Loaded plugin updater (category:base,tabindex:12)
2024-04-02 23:19:47,408 [INFO] PluginManage:310 - Check plugin userauth
2024-04-02 23:19:47,413 [INFO] UserAuth:114 - Init User Auth plugin
2024-04-02 23:19:47,413 [INFO] PluginManage:359 - Loaded plugin userauth (category:base,tabindex:14)
2024-04-02 23:19:47,414 [INFO] PluginManage:283 - PluginManage : Loaded plugins [17]
2024-04-02 23:19:47,599 [INFO] PinOutPanel:1561 - setPackage(No Configuration,No Configuration)
2024-04-02 23:19:47,672 [INFO] CADModel:165 - CPN selected for project level
2024-04-02 23:19:47,672 [INFO] CADModel:114 - Register for checkConnection events
2024-04-02 23:19:47,687 [INFO] IPUIPlugin:80 - create IPUIPlugin
2024-04-02 23:19:47,687 [INFO] PluginManager:220 - loadIPPluginJar : add adc
2024-04-02 23:19:47,689 [INFO] IPUIPlugin:80 - create IPUIPlugin
2024-04-02 23:19:47,689 [INFO] PluginManager:220 - loadIPPluginJar : add aes
2024-04-02 23:19:47,691 [INFO] IPUIPlugin:80 - create IPUIPlugin
2024-04-02 23:19:47,691 [INFO] PluginManager:220 - loadIPPluginJar : add can
2024-04-02 23:19:47,694 [INFO] IPUIPlugin:80 - create IPUIPlugin
2024-04-02 23:19:47,694 [INFO] PluginManager:220 - loadIPPluginJar : add comp
2024-04-02 23:19:47,695 [INFO] IPUIPlugin:80 - create IPUIPlugin
2024-04-02 23:19:47,695 [INFO] PluginManager:220 - loadIPPluginJar : add cryp
2024-04-02 23:19:47,698 [INFO] IPUIPlugin:80 - create IPUIPlugin
2024-04-02 23:19:47,698 [INFO] PluginManager:220 - loadIPPluginJar : add dfsdm
2024-04-02 23:19:47,702 [INFO] IPUIPlugin:80 - create IPUIPlugin
2024-04-02 23:19:47,702 [INFO] PluginManager:220 - loadIPPluginJar : add dma
2024-04-02 23:19:47,704 [INFO] IPUIPlugin:80 - create IPUIPlugin
2024-04-02 23:19:47,704 [INFO] PluginManager:220 - loadIPPluginJar : add dma3
2024-04-02 23:19:47,706 [INFO] IPUIPlugin:80 - create IPUIPlugin
2024-04-02 23:19:47,706 [INFO] PluginManager:220 - loadIPPluginJar : add extmemmanager
2024-04-02 23:19:47,707 [INFO] IPUIPlugin:80 - create IPUIPlugin
2024-04-02 23:19:47,707 [INFO] PluginManager:220 - loadIPPluginJar : add fatfs
2024-04-02 23:19:47,711 [INFO] IPUIPlugin:80 - create IPUIPlugin
2024-04-02 23:19:47,712 [INFO] PluginManager:220 - loadIPPluginJar : add fmc
2024-04-02 23:19:47,718 [INFO] IPUIPlugin:80 - create IPUIPlugin
2024-04-02 23:19:47,718 [INFO] PluginManager:220 - loadIPPluginJar : add freertos
2024-04-02 23:19:47,719 [INFO] IPUIPlugin:80 - create IPUIPlugin
2024-04-02 23:19:47,719 [INFO] PluginManager:220 - loadIPPluginJar : add genericplugin
2024-04-02 23:19:47,721 [INFO] IPUIPlugin:80 - create IPUIPlugin
2024-04-02 23:19:47,721 [INFO] PluginManager:220 - loadIPPluginJar : add gfxmmu
2024-04-02 23:19:47,726 [INFO] IPUIPlugin:80 - create IPUIPlugin
2024-04-02 23:19:47,726 [INFO] PluginManager:220 - loadIPPluginJar : add gic
2024-04-02 23:19:47,729 [INFO] IPUIPlugin:80 - create IPUIPlugin
2024-04-02 23:19:47,729 [INFO] PluginManager:220 - loadIPPluginJar : add gpio
2024-04-02 23:19:47,732 [INFO] IPUIPlugin:80 - create IPUIPlugin
2024-04-02 23:19:47,732 [INFO] PluginManager:220 - loadIPPluginJar : add gtzc
2024-04-02 23:19:47,733 [INFO] IPUIPlugin:80 - create IPUIPlugin
2024-04-02 23:19:47,733 [INFO] PluginManager:220 - loadIPPluginJar : add hash
2024-04-02 23:19:47,735 [INFO] IPUIPlugin:80 - create IPUIPlugin
2024-04-02 23:19:47,735 [INFO] PluginManager:220 - loadIPPluginJar : add i2c
2024-04-02 23:19:47,738 [INFO] IPUIPlugin:80 - create IPUIPlugin
2024-04-02 23:19:47,738 [INFO] PluginManager:220 - loadIPPluginJar : add i2s
2024-04-02 23:19:47,739 [INFO] IPUIPlugin:80 - create IPUIPlugin
2024-04-02 23:19:47,740 [INFO] PluginManager:220 - loadIPPluginJar : add i3c
2024-04-02 23:19:47,743 [INFO] IPUIPlugin:80 - create IPUIPlugin
2024-04-02 23:19:47,743 [INFO] PluginManager:220 - loadIPPluginJar : add ipddr
2024-04-02 23:19:47,749 [INFO] IPUIPlugin:80 - create IPUIPlugin
2024-04-02 23:19:47,749 [INFO] PluginManager:220 - loadIPPluginJar : add linkedlist
2024-04-02 23:19:47,751 [INFO] IPUIPlugin:80 - create IPUIPlugin
2024-04-02 23:19:47,751 [INFO] PluginManager:220 - loadIPPluginJar : add lorawan
2024-04-02 23:19:47,753 [INFO] IPUIPlugin:80 - create IPUIPlugin
2024-04-02 23:19:47,753 [INFO] PluginManager:220 - loadIPPluginJar : add ltdc
2024-04-02 23:19:47,758 [INFO] IPUIPlugin:80 - create IPUIPlugin
2024-04-02 23:19:47,758 [INFO] PluginManager:220 - loadIPPluginJar : add mdma
2024-04-02 23:19:47,761 [INFO] IPUIPlugin:80 - create IPUIPlugin
2024-04-02 23:19:47,761 [INFO] PluginManager:220 - loadIPPluginJar : add nvic
2024-04-02 23:19:47,763 [INFO] IPUIPlugin:80 - create IPUIPlugin
2024-04-02 23:19:47,763 [INFO] PluginManager:220 - loadIPPluginJar : add opamp
2024-04-02 23:19:47,767 [INFO] IPUIPlugin:80 - create IPUIPlugin
2024-04-02 23:19:47,767 [INFO] PluginManager:220 - loadIPPluginJar : add openamp
2024-04-02 23:19:47,770 [INFO] IPUIPlugin:80 - create IPUIPlugin
2024-04-02 23:19:47,770 [INFO] PluginManager:220 - loadIPPluginJar : add pdm2pcm
2024-04-02 23:19:47,775 [INFO] IPUIPlugin:80 - create IPUIPlugin
2024-04-02 23:19:47,778 [INFO] PluginManager:220 - loadIPPluginJar : add plateformsettings
2024-04-02 23:19:47,779 [INFO] IPUIPlugin:80 - create IPUIPlugin
2024-04-02 23:19:47,780 [INFO] PluginManager:220 - loadIPPluginJar : add quadspi
2024-04-02 23:19:47,782 [INFO] IPUIPlugin:80 - create IPUIPlugin
2024-04-02 23:19:47,782 [INFO] PluginManager:220 - loadIPPluginJar : add resmgrutility
2024-04-02 23:19:47,785 [INFO] IPUIPlugin:80 - create IPUIPlugin
2024-04-02 23:19:47,785 [INFO] PluginManager:220 - loadIPPluginJar : add sai
2024-04-02 23:19:47,787 [INFO] IPUIPlugin:80 - create IPUIPlugin
2024-04-02 23:19:47,787 [INFO] PluginManager:220 - loadIPPluginJar : add spi
2024-04-02 23:19:47,792 [INFO] IPUIPlugin:80 - create IPUIPlugin
2024-04-02 23:19:47,792 [INFO] PluginManager:220 - loadIPPluginJar : add stm32_wpan
2024-04-02 23:19:47,793 [INFO] IPUIPlugin:80 - create IPUIPlugin
2024-04-02 23:19:47,794 [INFO] PluginManager:220 - loadIPPluginJar : add tim
2024-04-02 23:19:47,796 [INFO] IPUIPlugin:80 - create IPUIPlugin
2024-04-02 23:19:47,797 [INFO] PluginManager:220 - loadIPPluginJar : add touchsensing
2024-04-02 23:19:47,798 [INFO] IPUIPlugin:80 - create IPUIPlugin
2024-04-02 23:19:47,799 [INFO] PluginManager:220 - loadIPPluginJar : add tracer_emb
2024-04-02 23:19:47,800 [INFO] IPUIPlugin:80 - create IPUIPlugin
2024-04-02 23:19:47,800 [INFO] PluginManager:220 - loadIPPluginJar : add ts
2024-04-02 23:19:47,801 [INFO] IPUIPlugin:80 - create IPUIPlugin
2024-04-02 23:19:47,801 [INFO] PluginManager:220 - loadIPPluginJar : add tsc
2024-04-02 23:19:47,803 [INFO] IPUIPlugin:80 - create IPUIPlugin
2024-04-02 23:19:47,803 [INFO] PluginManager:220 - loadIPPluginJar : add ucpd
2024-04-02 23:19:47,804 [INFO] IPUIPlugin:80 - create IPUIPlugin
2024-04-02 23:19:47,807 [INFO] PluginManager:220 - loadIPPluginJar : add usart
2024-04-02 23:19:47,810 [INFO] IPUIPlugin:80 - create IPUIPlugin
2024-04-02 23:19:47,810 [INFO] PluginManager:220 - loadIPPluginJar : add usbx
2024-04-02 23:19:47,954 [INFO] CADModel:165 - CPN selected for project level
2024-04-02 23:19:47,954 [INFO] CADModel:114 - Register for checkConnection events
2024-04-02 23:19:47,955 [FATAL] Updater:308 - Updater called before beeing initialized
2024-04-02 23:19:47,955 [ERROR] CADModel:125 - Updater not yet initialized, retry later 
2024-04-02 23:19:48,083 [INFO] CADModel:165 - CPN selected for project level
2024-04-02 23:19:48,083 [INFO] CADModel:114 - Register for checkConnection events
2024-04-02 23:19:48,083 [FATAL] Updater:308 - Updater called before beeing initialized
2024-04-02 23:19:48,083 [ERROR] CADModel:125 - Updater not yet initialized, retry later 
2024-04-02 23:19:48,085 [FATAL] Updater:308 - Updater called before beeing initialized
2024-04-02 23:19:48,200 [FATAL] Updater:308 - Updater called before beeing initialized
2024-04-02 23:19:48,208 [INFO] DbMcusAds:53 - JSON generation date=Wed Nov 29 07:52:27 BRT 2023 (1701255147349)
2024-04-02 23:19:48,208 [FATAL] Updater:308 - Updater called before beeing initialized
2024-04-02 23:19:48,239 [WARN] DetailPanel:346 - Failed to get advertising image, set to default
2024-04-02 23:19:48,344 [FATAL] Updater:308 - Updater called before beeing initialized
2024-04-02 23:19:48,345 [FATAL] Updater:308 - Updater called before beeing initialized
2024-04-02 23:19:48,345 [FATAL] Updater:308 - Updater called before beeing initialized
2024-04-02 23:19:48,345 [WARN] DetailPanel:346 - Failed to get advertising image, set to default
2024-04-02 23:19:48,345 [FATAL] Updater:308 - Updater called before beeing initialized
2024-04-02 23:19:48,391 [ERROR] Updater:1120 - MainUpdater not yet initialized. External WinMGr cannot be set.
2024-04-02 23:19:48,391 [INFO] Updater:1056 - Updater Version found : 6.11.0
2024-04-02 23:19:48,404 [INFO] ApplicationProperties:184 - Using Application install path: C:\ST\STM32CubeIDE_1.15.0\STM32CubeIDE\plugins\com.st.stm32cube.common.mx_6.11.0.202403141607
2024-04-02 23:19:48,452 [INFO] MainUpdater:526 - Copy updater definitions from MX database
2024-04-02 23:19:48,873 [INFO] MainUpdater:2873 - connection check result : 10
2024-04-02 23:19:48,873 [INFO] MainUpdater:3567 - Updater definition file requires update
2024-04-02 23:19:48,873 [INFO] MainUpdater:290 - Updater Check For Update Now.
2024-04-02 23:19:48,873 [INFO] MicroXplorer:498 - Change Database Version : DB.6.0.110
2024-04-02 23:19:48,883 [INFO] McuFinderGlobals:63 - Set McuFinder mode to 2 (CubeIDE integrated)
2024-04-02 23:19:48,883 [INFO] UserAuth:179 - activating auth plugin
2024-04-02 23:19:48,883 [INFO] UserAuth:415 - Internet connection configuration mode: 1
2024-04-02 23:19:48,913 [INFO] JxBrowserEngine:152 - Initiate JxBrowser Engine with user profile folder
2024-04-02 23:19:49,166 [INFO] ServerAccessManage:473 - Download File updaters.zip
2024-04-02 23:19:49,288 [INFO] FileExtend:240 - Unzip File : updaters.zip
2024-04-02 23:19:49,297 [INFO] FileExtend:255 - Standard Zip Deflate
2024-04-02 23:19:49,783 [INFO] ServerAccessManage:473 - Download File PacksControlFlags.xml
2024-04-02 23:19:49,945 [INFO] ServerAccessManage:473 - Download File cubemx.pidx
2024-04-02 23:19:50,269 [WARN] MainUpdater:1194 - Updater busy. Cannot search thirdparties
2024-04-02 23:19:50,269 [INFO] ThirdPartyUpdaterWithRetryManager:96 - Updater plugin is busy. [1/15]
2024-04-02 23:19:50,861 [INFO] ServerAccessManage:473 - Download File STMicroelectronics.X-CUBE-TOUCHGFX.pdsc
2024-04-02 23:19:52,936 [WARN] PackLoader:240 - Cannot read IP mode file for STMicroelectronics.X-CUBE-TOUCHGFX.4.23.2
2024-04-02 23:19:52,939 [INFO] PopulateThirdPartyThread:66 - Ending populate Thread
2024-04-02 23:19:52,939 [INFO] ThirdParty:1030 - CMSIS Pack Vendor :STMicroelectronics X-CUBE-TOUCHGFX 4.23.2
2024-04-02 23:19:52,939 [INFO] LoadServerUpdatesThread:375 - End of LoadServerUpdate Thread
2024-04-02 23:19:53,089 [INFO] CheckServerUpdateThread:120 - End of CheckServer Thread
2024-04-02 23:19:53,505 [WARN] PackLoader:240 - Cannot read IP mode file for STMicroelectronics.X-CUBE-SMBUS.2.1.0
2024-04-02 23:19:53,517 [WARN] PackLoader:240 - Cannot read IP mode file for STMicroelectronics.X-CUBE-TOUCHGFX.4.23.1
2024-04-02 23:19:53,527 [WARN] PackLoader:240 - Cannot read IP mode file for STMicroelectronics.X-CUBE-TOUCHGFX.4.23.0
2024-04-02 23:19:53,618 [WARN] PackLoader:240 - Cannot read IP mode file for STMicroelectronics.X-CUBE-MEMS1.9.2.0
2024-04-02 23:19:53,808 [WARN] PackLoader:240 - Cannot read IP mode file for STMicroelectronics.X-CUBE-TOUCHGFX.4.23.2
2024-04-02 23:19:53,832 [WARN] PackLoader:240 - Cannot read IP mode file for STMicroelectronics.X-CUBE-AZRTOS-F7.1.1.0
2024-04-02 23:19:53,859 [WARN] PackLoader:240 - Cannot read IP mode file for STMicroelectronics.FP-SNS-MOTENV1.4.3.2
2024-04-02 23:19:53,875 [WARN] PackLoader:240 - Cannot read IP mode file for STMicroelectronics.X-CUBE-BLE1.6.2.3
2024-04-02 23:19:53,893 [WARN] PackLoader:240 - Cannot read IP mode file for STMicroelectronics.X-CUBE-BLE1.6.2.4
2024-04-02 23:19:53,897 [WARN] PackLoader:240 - Cannot read IP mode file for STMicroelectronics.FP-SNS-FLIGHT1.5.0.2
2024-04-02 23:19:53,929 [WARN] PackLoader:240 - Cannot read IP mode file for STMicroelectronics.X-CUBE-TOF1.3.1.0
2024-04-02 23:19:53,957 [WARN] PackLoader:240 - Cannot read IP mode file for STMicroelectronics.X-CUBE-DISPLAY.3.0.0
2024-04-02 23:19:53,975 [WARN] PackLoader:240 - Cannot read IP mode file for STMicroelectronics.X-CUBE-BLE1.7.0.0
2024-04-02 23:19:54,034 [WARN] PackLoader:240 - Cannot read IP mode file for STMicroelectronics.X-CUBE-MEMS1.9.3.0
2024-04-02 23:19:54,199 [WARN] PackLoader:240 - Cannot read IP mode file for STMicroelectronics.X-CUBE-AI.7.2.0
2024-04-02 23:19:54,229 [WARN] PackLoader:240 - Cannot read IP mode file for STMicroelectronics.X-CUBE-BLEMGR.3.1.0
2024-04-02 23:19:54,249 [WARN] PackLoader:240 - Cannot read IP mode file for STMicroelectronics.FP-SNS-SMARTAG2.1.2.0
2024-04-02 23:19:54,280 [INFO] LogOutputStream:77 - [STDOUT_REDIRECT] 1 : Invalid condition id : UX_CORESTACK_Condition cause : null
2024-04-02 23:19:54,280 [INFO] LogOutputStream:77 - [STDOUT_REDIRECT] 1 : Invalid condition id : UX_CORESTACK_Condition cause : null
2024-04-02 23:19:54,281 [INFO] LogOutputStream:77 - [STDOUT_REDIRECT] 1 : Invalid condition id : UX_CORESTACK_Condition cause : null
2024-04-02 23:19:54,283 [INFO] LogOutputStream:77 - [STDOUT_REDIRECT] 1 : Invalid condition id : UX_CORESTACK_Condition cause : null
2024-04-02 23:19:54,283 [INFO] LogOutputStream:77 - [STDOUT_REDIRECT] 1 : Invalid condition id : UX_CORESTACK_Condition cause : null
2024-04-02 23:19:54,289 [WARN] PackLoader:240 - Cannot read IP mode file for STMicroelectronics.X-CUBE-AZRTOS-WL.2.0.0
2024-04-02 23:19:54,300 [WARN] PackLoader:240 - Cannot read IP mode file for STMicroelectronics.FP-SNS-MOTENV1.5.0.0
2024-04-02 23:19:54,325 [WARN] PackLoader:240 - Cannot read IP mode file for WES.I-CUBE-Cesium.1.3.0
2024-04-02 23:19:54,337 [WARN] PackLoader:240 - Cannot read IP mode file for STMicroelectronics.X-CUBE-BLE2.3.3.0
2024-04-02 23:19:54,356 [WARN] PackLoader:240 - Cannot read IP mode file for STMicroelectronics.X-CUBE-DISPLAY.2.2.0
2024-04-02 23:19:54,376 [WARN] PackLoader:240 - Cannot read IP mode file for STMicroelectronics.X-CUBE-TOF1.3.2.0
2024-04-02 23:19:54,421 [WARN] PackLoader:240 - Cannot read IP mode file for STMicroelectronics.X-CUBE-ISPU.1.0.0
2024-04-02 23:19:54,452 [WARN] PackLoader:240 - Cannot read IP mode file for STMicroelectronics.X-CUBE-AZRTOS-H7.2.1.0
2024-04-02 23:19:54,462 [INFO] WebApp:161 - Instantiating new browser for Auth
2024-04-02 23:19:54,462 [WARN] PackLoader:240 - Cannot read IP mode file for STMicroelectronics.X-CUBE-TOUCHGFX.4.21.1
2024-04-02 23:19:54,487 [WARN] PackLoader:240 - Cannot read IP mode file for STMicroelectronics.X-CUBE-TOUCHGFX.4.21.0
2024-04-02 23:19:54,544 [WARN] PackLoader:240 - Cannot read IP mode file for STMicroelectronics.X-CUBE-MEMS1.9.4.0
2024-04-02 23:19:54,654 [WARN] PackLoader:240 - Cannot read IP mode file for STMicroelectronics.X-CUBE-AI.7.3.0
2024-04-02 23:19:54,667 [WARN] PackLoader:240 - Cannot read IP mode file for STMicroelectronics.X-CUBE-ALGOBUILD.1.3.0
2024-04-02 23:19:54,699 [WARN] PackLoader:240 - Cannot read IP mode file for STMicroelectronics.X-CUBE-AZRTOS-G0.1.1.0
2024-04-02 23:19:54,719 [WARN] PackLoader:240 - Cannot read IP mode file for STMicroelectronics.X-CUBE-SAFEA1.1.2.2
2024-04-02 23:19:54,732 [WARN] PackLoader:240 - Cannot read IP mode file for STMicroelectronics.X-CUBE-NFC4.3.0.0
2024-04-02 23:19:54,787 [WARN] PackLoader:240 - Cannot read IP mode file for SEGGER.I-CUBE-embOS.1.2.0
2024-04-02 23:19:54,838 [WARN] PackLoader:240 - Cannot read IP mode file for STMicroelectronics.X-CUBE-BLEMGR.3.0.0
2024-04-02 23:19:54,862 [WARN] PackLoader:240 - Cannot read IP mode file for STMicroelectronics.X-CUBE-BLEMGR.1.3.0
2024-04-02 23:19:54,869 [WARN] PackLoader:240 - Cannot read IP mode file for STMicroelectronics.FP-ATR-SIGFOX1.3.2.0
2024-04-02 23:19:54,885 [WARN] PackLoader:240 - Cannot read IP mode file for STMicroelectronics.X-CUBE-EEPRMA1.5.1.0
2024-04-02 23:19:54,902 [WARN] PackLoader:240 - Cannot read IP mode file for emotas.I-CUBE-CANOPEN.1.1.2
2024-04-02 23:19:54,914 [WARN] PackLoader:240 - Cannot read IP mode file for STMicroelectronics.X-CUBE-TOUCHGFX.4.20.0
2024-04-02 23:19:54,965 [WARN] PackLoader:240 - Cannot read IP mode file for STMicroelectronics.X-CUBE-MEMS1.9.5.0
2024-04-02 23:19:55,096 [WARN] PackLoader:240 - Cannot read IP mode file for SEGGER.I-CUBE-embOS.1.3.1
2024-04-02 23:19:55,147 [WARN] PackLoader:240 - Cannot read IP mode file for STMicroelectronics.X-CUBE-GNSS1.6.0.0
2024-04-02 23:19:55,183 [WARN] PackLoader:240 - Cannot read IP mode file for STMicroelectronics.X-CUBE-AZRTOS-F4.1.1.0
2024-04-02 23:19:55,195 [INFO] WebApp:779 - Register for checkConnection events
2024-04-02 23:19:55,195 [INFO] WebApp:414 - Apply proxy settings
2024-04-02 23:19:55,195 [INFO] WebApp:499 - Chromium requires no authentication
2024-04-02 23:19:55,199 [WARN] PackLoader:240 - Cannot read IP mode file for STMicroelectronics.X-CUBE-BLEMGR.1.2.0
2024-04-02 23:19:55,206 [INFO] WebApp:442 - Direct internet connection detected
2024-04-02 23:19:55,229 [WARN] PackLoader:240 - Cannot read IP mode file for STMicroelectronics.X-CUBE-AZRTOS-L5.2.0.0
2024-04-02 23:19:55,243 [WARN] PackLoader:240 - Cannot read IP mode file for STMicroelectronics.X-CUBE-EEPRMA1.4.2.0
2024-04-02 23:19:55,265 [WARN] PackLoader:240 - Cannot read IP mode file for STMicroelectronics.X-CUBE-NFC6.3.1.0
2024-04-02 23:19:55,280 [WARN] PackLoader:240 - Cannot read IP mode file for ITTIA_DB.I-CUBE-ITTIADB.8.8.0
2024-04-02 23:19:55,295 [WARN] PackLoader:240 - Cannot read IP mode file for STMicroelectronics.X-CUBE-BLEMGR.2.0.0
2024-04-02 23:19:55,309 [WARN] PackLoader:240 - Cannot read IP mode file for STMicroelectronics.X-CUBE-NFC4.2.0.5
2024-04-02 23:19:55,322 [WARN] PackLoader:240 - Cannot read IP mode file for STMicroelectronics.X-CUBE-NFC4.2.0.4
2024-04-02 23:19:55,358 [WARN] PackLoader:240 - Cannot read IP mode file for STMicroelectronics.X-CUBE-AZRTOS-F4.1.0.0
2024-04-02 23:19:55,362 [WARN] PackLoader:240 - Cannot read IP mode file for STMicroelectronics.X-CUBE-NFC7.1.0.1
2024-04-02 23:19:55,382 [WARN] PackLoader:240 - Cannot read IP mode file for STMicroelectronics.X-CUBE-NFC7.1.0.0
2024-04-02 23:19:55,396 [WARN] PackLoader:240 - Cannot read IP mode file for STMicroelectronics.X-CUBE-NFC6.3.0.0
2024-04-02 23:19:55,408 [WARN] PackLoader:240 - Cannot read IP mode file for STMicroelectronics.X-CUBE-EEPRMA1.4.1.0
2024-04-02 23:19:55,413 [WARN] PackLoader:240 - Cannot read IP mode file for STMicroelectronics.X-CUBE-AI.8.1.0
2024-04-02 23:19:55,448 [WARN] ConditionMgr:438 - getConditionDescription Invalid condition id : LAN8742 Phy interface Condition cause : null
2024-04-02 23:19:55,448 [WARN] PackLoader:240 - Cannot read IP mode file for STMicroelectronics.X-CUBE-AZRTOS-L4.2.0.0
2024-04-02 23:19:55,451 [WARN] ConditionMgr:1039 - genDependencies : Invalid condition id : LAN8742 Phy interface Condition cause : null
2024-04-02 23:19:55,451 [WARN] ConditionMgr:1039 - genDependencies : Invalid condition id : LAN8742 Phy interface Condition cause : null
2024-04-02 23:19:55,451 [WARN] ConditionMgr:1039 - genDependencies : Invalid condition id : LAN8742 Phy interface Condition cause : null
2024-04-02 23:19:55,458 [INFO] WebApp:192 - Starting web application
2024-04-02 23:19:55,458 [INFO] WebApp:544 - Web application path used C:\ST\STM32CubeIDE_1.15.0\STM32CubeIDE\plugins\com.st.stm32cube.common.mx_6.11.0.202403141607\db\plugins\mcufinder\reactClient1\index.html
2024-04-02 23:19:55,470 [WARN] PackLoader:240 - Cannot read IP mode file for STMicroelectronics.X-CUBE-SFXS2LP1.4.0.0
2024-04-02 23:19:55,502 [WARN] PackLoader:240 - Cannot read IP mode file for STMicroelectronics.X-CUBE-AZRTOS-H7.3.0.0
2024-04-02 23:19:55,521 [WARN] PackLoader:240 - Cannot read IP mode file for STMicroelectronics.X-CUBE-ISPU.1.1.0
2024-04-02 23:19:55,538 [WARN] PackLoader:240 - Cannot read IP mode file for RoweBots.I-CUBE-UNISONRTOS.5.5.0-4
2024-04-02 23:19:55,550 [WARN] PackLoader:240 - Cannot read IP mode file for STMicroelectronics.X-CUBE-AI.8.0.0
2024-04-02 23:19:55,572 [WARN] ConditionMgr:438 - getConditionDescription Invalid condition id : UX DEVICE CLASS RTOS Condition cause : null
2024-04-02 23:19:55,572 [WARN] ConditionMgr:438 - getConditionDescription Invalid condition id : UX DEVICE CLASS RTOS Condition cause : null
2024-04-02 23:19:55,576 [WARN] PackLoader:240 - Cannot read IP mode file for STMicroelectronics.X-CUBE-AZRTOS-WB.2.0.0
2024-04-02 23:19:55,576 [WARN] ConditionMgr:1039 - genDependencies : Invalid condition id : UX DEVICE CLASS RTOS Condition cause : null
2024-04-02 23:19:55,576 [WARN] ConditionMgr:1039 - genDependencies : Invalid condition id : UX DEVICE CLASS RTOS Condition cause : null
2024-04-02 23:19:55,576 [WARN] ConditionMgr:1039 - genDependencies : Invalid condition id : UX DEVICE CLASS RTOS Condition cause : null
2024-04-02 23:19:55,576 [WARN] ConditionMgr:1039 - genDependencies : Invalid condition id : UX DEVICE CLASS RTOS Condition cause : null
2024-04-02 23:19:55,576 [WARN] ConditionMgr:1039 - genDependencies : Invalid condition id : UX DEVICE CLASS RTOS Condition cause : null
2024-04-02 23:19:55,593 [WARN] PackLoader:240 - Cannot read IP mode file for STMicroelectronics.X-CUBE-FREERTOS.1.0.0
2024-04-02 23:19:55,618 [WARN] PackLoader:240 - Cannot read IP mode file for STMicroelectronics.X-CUBE-AZRTOS-L5.1.1.0
2024-04-02 23:19:55,639 [WARN] PackLoader:240 - Cannot read IP mode file for STMicroelectronics.X-CUBE-SUBG2.5.0.0
2024-04-02 23:19:55,676 [WARN] PackLoader:240 - Cannot read IP mode file for STMicroelectronics.X-CUBE-AZRTOS-G4.2.0.0
2024-04-02 23:19:55,690 [WARN] PackLoader:240 - Cannot read IP mode file for STMicroelectronics.FP-ATR-ASTRA1.1.1.1
2024-04-02 23:19:55,712 [WARN] PackLoader:240 - Cannot read IP mode file for Infineon.AIROC-Wi-Fi-Bluetooth-STM32.1.5.1
2024-04-02 23:19:55,727 [WARN] PackLoader:240 - Cannot read IP mode file for STMicroelectronics.FP-ATR-ASTRA1.1.1.0
2024-04-02 23:19:55,734 [WARN] PackLoader:240 - Cannot read IP mode file for STMicroelectronics.FP-SNS-MOTENVWB1.1.3.1
2024-04-02 23:19:55,758 [WARN] PackLoader:240 - Cannot read IP mode file for STMicroelectronics.X-CUBE-AZRTOS-G4.1.0.0
2024-04-02 23:19:55,771 [WARN] PackLoader:240 - Cannot read IP mode file for wolfSSL.I-CUBE-wolfSSL.5.3.0
2024-04-02 23:19:55,798 [WARN] PackLoader:240 - Cannot read IP mode file for STMicroelectronics.X-CUBE-AZRTOS-L4.1.0.0
2024-04-02 23:19:55,811 [WARN] PackLoader:240 - Cannot read IP mode file for STMicroelectronics.X-CUBE-ISPU.2.0.0
2024-04-02 23:19:55,850 [WARN] PackLoader:240 - Cannot read IP mode file for STMicroelectronics.X-CUBE-MEMS1.10.0.0
2024-04-02 23:19:55,918 [WARN] PackLoader:240 - Cannot read IP mode file for STMicroelectronics.X-CUBE-FREERTOS.1.1.0
2024-04-02 23:19:55,936 [WARN] PackLoader:240 - Cannot read IP mode file for STMicroelectronics.X-CUBE-AZRTOS-F7.1.0.0
2024-04-02 23:19:55,954 [WARN] PackLoader:240 - Cannot read IP mode file for STMicroelectronics.X-CUBE-AZRTOS-WL.1.0.0
2024-04-02 23:19:55,961 [WARN] PackLoader:240 - Cannot read IP mode file for portGmbH.I-Cube-SoM-uGOAL.1.1.0
2024-04-02 23:19:55,971 [WARN] PackLoader:240 - Cannot read IP mode file for STMicroelectronics.X-CUBE-ALS.1.0.1
2024-04-02 23:19:56,001 [WARN] PackLoader:240 - Cannot read IP mode file for STMicroelectronics.X-CUBE-AZRTOS-WB.1.1.0
2024-04-02 23:19:56,022 [WARN] PackLoader:240 - Cannot read IP mode file for STMicroelectronics.X-CUBE-AZRTOS-L5.1.0.0
2024-04-02 23:19:56,035 [WARN] PackLoader:240 - Cannot read IP mode file for STMicroelectronics.X-CUBE-EEPRMA1.3.1.1
2024-04-02 23:19:56,039 [WARN] PackLoader:240 - Cannot read IP mode file for STMicroelectronics.FP-ATR-ASTRA1.2.0.0
2024-04-02 23:19:56,063 [WARN] PackLoader:240 - Cannot read IP mode file for STMicroelectronics.X-CUBE-TOF1.3.4.0
2024-04-02 23:19:56,085 [WARN] PackLoader:240 - Cannot read IP mode file for STMicroelectronics.X-CUBE-TOF1.3.4.1
2024-04-02 23:19:56,109 [WARN] PackLoader:240 - Cannot read IP mode file for STMicroelectronics.X-CUBE-AZRTOS-H7.3.2.0
2024-04-02 23:19:56,113 [INFO] ThirdParty:978 - Integrity check success = true
2024-04-02 23:19:56,113 [INFO] IntegrityCheckThread:100 - exiting critical section [integrity check]
2024-04-02 23:19:56,113 [INFO] IntegrityCheckThread:103 - End integrity checks thread
2024-04-02 23:21:45,161 [ERROR] LogOutputStream:75 - [STDERR_REDIRECT] 
2024-04-02 23:23:20,474 [INFO] Activator:176 - 


2024-04-02 23:23:20,477 [INFO] Activator:177 - !SESSION log4j initialized
2024-04-02 23:23:23,821 [INFO] LogOutputStream:77 - [STDOUT_REDIRECT] 
2024-04-02 23:23:25,767 [INFO] ApplicationProperties:184 - Using Application install path: C:\ST\STM32CubeIDE_1.15.0\STM32CubeIDE\plugins\com.st.stm32cube.common.mx_6.11.0.202403141607
2024-04-02 23:23:25,781 [INFO] DbMcusXml:78 - Set database path to: C:\ST\STM32CubeIDE_1.15.0\STM32CubeIDE\plugins\com.st.stm32cube.common.mx_6.11.0.202403141607\\db\/mcu/
2024-04-02 23:23:25,782 [INFO] ApiDb:274 - Set plugin database path to: C:\ST\STM32CubeIDE_1.15.0\STM32CubeIDE\plugins\com.st.stm32cube.common.mx_6.11.0.202403141607\\db\/plugins/boardmanager/
2024-04-02 23:23:25,782 [WARN] ApiDb:259 - Overriding images path with different value:  => C:\ST\STM32CubeIDE_1.15.0\STM32CubeIDE\plugins\com.st.stm32cube.common.mx_6.11.0.202403141607\\db\/plugins/mcufinder/images/
2024-04-02 23:23:25,787 [INFO] ApiDb:250 - Set database path to: C:\Users\erick\.stmcufinder\plugins\mcufinder//mcu/
2024-04-02 23:23:25,788 [INFO] DbMcusAds:125 - Set database path to: C:\Users\erick\.stmcufinder\plugins\mcufinder//mcu/
2024-04-02 23:23:25,789 [INFO] CrossReferenceDbSqlite:203 - Set database path to: C:\Users\erick\.stmcufinder\plugins\mcufinder//mcu/cs/
2024-04-02 23:23:25,896 [INFO] RulesReader:64 - Compatibility file has been processed (297 Rules)
2024-04-02 23:23:25,984 [INFO] DbMcusXml:78 - Set database path to: C:\ST\STM32CubeIDE_1.15.0\STM32CubeIDE\plugins\com.st.stm32cube.common.mx_6.11.0.202403141607\\db\/mcu/
2024-04-02 23:23:25,984 [INFO] ApiDb:274 - Set plugin database path to: C:\ST\STM32CubeIDE_1.15.0\STM32CubeIDE\plugins\com.st.stm32cube.common.mx_6.11.0.202403141607\\db\/plugins/boardmanager/
2024-04-02 23:23:25,984 [INFO] ApiDb:261 - Set plugin images path to: C:\ST\STM32CubeIDE_1.15.0\STM32CubeIDE\plugins\com.st.stm32cube.common.mx_6.11.0.202403141607\\db\/plugins/mcufinder/images/
2024-04-02 23:23:25,984 [WARN] DbFile:41 - Overriding database path with different value: C:\Users\erick\.stmcufinder\plugins\mcufinder/ => C:\Users\erick\.stmcufinder\plugins\mcufinder
2024-04-02 23:23:25,984 [INFO] ApiDb:250 - Set database path to: C:\Users\erick\.stmcufinder\plugins\mcufinder//mcu/
2024-04-02 23:23:25,985 [WARN] DbFile:41 - Overriding database path with different value: C:\Users\erick\.stmcufinder\plugins\mcufinder/ => C:\Users\erick\.stmcufinder\plugins\mcufinder
2024-04-02 23:23:25,985 [INFO] DbMcusAds:125 - Set database path to: C:\Users\erick\.stmcufinder\plugins\mcufinder//mcu/
2024-04-02 23:23:25,985 [WARN] DbFile:41 - Overriding database path with different value: C:\Users\erick\.stmcufinder\plugins\mcufinder/ => C:\Users\erick\.stmcufinder\plugins\mcufinder
2024-04-02 23:23:25,985 [WARN] DbFile:41 - Overriding database path with different value: C:\Users\erick\.stmcufinder\plugins\mcufinder/ => C:\Users\erick\.stmcufinder\plugins\mcufinder
2024-04-02 23:23:25,985 [INFO] CrossReferenceDbSqlite:203 - Set database path to: C:\Users\erick\.stmcufinder\plugins\mcufinder//mcu/cs/
2024-04-02 23:23:26,058 [INFO] MainPanel:264 - HeapMemory: 268435456
2024-04-02 23:23:26,122 [INFO] DbMcusXml:78 - Set database path to: C:\ST\STM32CubeIDE_1.15.0\STM32CubeIDE\plugins\com.st.stm32cube.common.mx_6.11.0.202403141607\\db\/mcu/
2024-04-02 23:23:26,122 [INFO] ApiDb:274 - Set plugin database path to: C:\ST\STM32CubeIDE_1.15.0\STM32CubeIDE\plugins\com.st.stm32cube.common.mx_6.11.0.202403141607\\db\/plugins/boardmanager/
2024-04-02 23:23:26,122 [INFO] ApiDb:261 - Set plugin images path to: C:\ST\STM32CubeIDE_1.15.0\STM32CubeIDE\plugins\com.st.stm32cube.common.mx_6.11.0.202403141607\\db\/plugins/mcufinder/images/
2024-04-02 23:23:26,123 [WARN] DbFile:41 - Overriding database path with different value: C:\Users\erick\.stmcufinder\plugins\mcufinder/ => C:\Users\erick\.stmcufinder\plugins\mcufinder
2024-04-02 23:23:26,123 [INFO] ApiDb:250 - Set database path to: C:\Users\erick\.stmcufinder\plugins\mcufinder//mcu/
2024-04-02 23:23:26,123 [WARN] DbFile:41 - Overriding database path with different value: C:\Users\erick\.stmcufinder\plugins\mcufinder/ => C:\Users\erick\.stmcufinder\plugins\mcufinder
2024-04-02 23:23:26,123 [INFO] DbMcusAds:125 - Set database path to: C:\Users\erick\.stmcufinder\plugins\mcufinder//mcu/
2024-04-02 23:23:26,123 [WARN] DbFile:41 - Overriding database path with different value: C:\Users\erick\.stmcufinder\plugins\mcufinder/ => C:\Users\erick\.stmcufinder\plugins\mcufinder
2024-04-02 23:23:26,123 [WARN] DbFile:41 - Overriding database path with different value: C:\Users\erick\.stmcufinder\plugins\mcufinder/ => C:\Users\erick\.stmcufinder\plugins\mcufinder
2024-04-02 23:23:26,123 [INFO] CrossReferenceDbSqlite:203 - Set database path to: C:\Users\erick\.stmcufinder\plugins\mcufinder//mcu/cs/
2024-04-02 23:23:26,153 [INFO] ApplicationProperties:184 - Using Application install path: C:\ST\STM32CubeIDE_1.15.0\STM32CubeIDE\plugins\com.st.stm32cube.common.mx_6.11.0.202403141607
2024-04-02 23:23:26,154 [INFO] PluginManage:196 - Search for loadable plugins [exclusion list=, ]
2024-04-02 23:23:26,155 [INFO] PluginManage:310 - Check plugin analytics
2024-04-02 23:23:26,320 [INFO] AnalyticsPlugin:253 - Accepted Software Licenses: 
2024-04-02 23:23:26,320 [INFO] AnalyticsPlugin:255 - Accepted CMSIS Pack Licenses: 
2024-04-02 23:23:26,320 [INFO] AnalyticsPlugin:257 - Accepted Firmware Licenses: FW.F7.1.17.0
2024-04-02 23:23:26,323 [INFO] PluginManage:359 - Loaded plugin analytics (category:tool,tabindex:-1)
2024-04-02 23:23:26,323 [INFO] PluginManage:310 - Check plugin cadmodel
2024-04-02 23:23:26,327 [INFO] CADModel:105 - Init CAD model plugin
2024-04-02 23:23:26,327 [INFO] PluginManage:359 - Loaded plugin cadmodel (category:power,tabindex:5)
2024-04-02 23:23:26,327 [INFO] PluginManage:310 - Check plugin clock
2024-04-02 23:23:26,336 [INFO] PluginManage:359 - Loaded plugin clock (category:base,tabindex:2)
2024-04-02 23:23:26,336 [INFO] PluginManage:310 - Check plugin ddr
2024-04-02 23:23:26,338 [INFO] PluginManage:359 - Loaded plugin ddr (category:tool,tabindex:6)
2024-04-02 23:23:26,338 [INFO] PluginManage:310 - Check plugin filemanager
2024-04-02 23:23:26,478 [INFO] PluginManage:359 - Loaded plugin filemanager (category:base,tabindex:10)
2024-04-02 23:23:26,480 [INFO] PluginManage:310 - Check plugin ipmanager
2024-04-02 23:23:26,488 [INFO] PluginManage:359 - Loaded plugin ipmanager (category:base,tabindex:5)
2024-04-02 23:23:26,488 [INFO] PluginManage:310 - Check plugin lpbam
2024-04-02 23:23:26,496 [INFO] PluginManage:359 - Loaded plugin lpbam (category:base,tabindex:0)
2024-04-02 23:23:26,496 [INFO] PluginManage:310 - Check plugin memorymap
2024-04-02 23:23:26,508 [INFO] PluginManage:359 - Loaded plugin memorymap (category:base,tabindex:4)
2024-04-02 23:23:26,508 [INFO] PluginManage:310 - Check plugin pinoutandconfiguration
2024-04-02 23:23:26,517 [INFO] PluginManage:359 - Loaded plugin pinoutandconfiguration (category:base,tabindex:1)
2024-04-02 23:23:26,518 [INFO] PluginManage:310 - Check plugin pinoutconfig
2024-04-02 23:23:26,612 [WARN] SupportedApi:132 - Cannot load RTOS API schema: s4s-elt-must-match.1: The content of 'definitions' must match (annotation?, (simpleType | complexType)?, (unique | key | keyref)*)). A problem was found starting at: attribute.
2024-04-02 23:23:26,730 [INFO] PluginManage:359 - Loaded plugin pinoutconfig (category:base,tabindex:0)
2024-04-02 23:23:26,730 [INFO] PluginManage:310 - Check plugin power
2024-04-02 23:23:26,737 [INFO] PluginManage:359 - Loaded plugin power (category:power,tabindex:4)
2024-04-02 23:23:26,737 [INFO] PluginManage:310 - Check plugin projectmanager
2024-04-02 23:23:26,751 [INFO] PluginManage:359 - Loaded plugin projectmanager (category:projectmanager,tabindex:3)
2024-04-02 23:23:26,751 [INFO] PluginManage:310 - Check plugin thirdparty
2024-04-02 23:23:26,869 [INFO] PluginManage:359 - Loaded plugin thirdparty (category:base,tabindex:-1)
2024-04-02 23:23:26,869 [INFO] PluginManage:310 - Check plugin tools
2024-04-02 23:23:26,869 [WARN] IntegrityCheckThread:84 - waiting for thirdparty lock release [integrity check]
2024-04-02 23:23:26,869 [INFO] IntegrityCheckThread:86 - entering critical section [integrity check]
2024-04-02 23:23:26,869 [INFO] ThirdPartyUpdaterWithRetryManager:70 - Updater plugin not ready yet. [1/15]
2024-04-02 23:23:26,871 [INFO] PluginManage:359 - Loaded plugin tools (category:base,tabindex:7)
2024-04-02 23:23:26,871 [INFO] PluginManage:310 - Check plugin tutovideos
2024-04-02 23:23:27,014 [INFO] PluginManage:359 - Loaded plugin tutovideos (category:base,tabindex:-1)
2024-04-02 23:23:27,014 [INFO] PluginManage:310 - Check plugin updater
2024-04-02 23:23:27,021 [INFO] PluginManage:359 - Loaded plugin updater (category:base,tabindex:12)
2024-04-02 23:23:27,022 [INFO] PluginManage:310 - Check plugin userauth
2024-04-02 23:23:27,026 [INFO] UserAuth:114 - Init User Auth plugin
2024-04-02 23:23:27,026 [INFO] PluginManage:359 - Loaded plugin userauth (category:base,tabindex:14)
2024-04-02 23:23:27,026 [INFO] PluginManage:283 - PluginManage : Loaded plugins [17]
2024-04-02 23:23:27,235 [INFO] PinOutPanel:1561 - setPackage(No Configuration,No Configuration)
2024-04-02 23:23:27,300 [INFO] CADModel:165 - CPN selected for project level
2024-04-02 23:23:27,300 [INFO] CADModel:114 - Register for checkConnection events
2024-04-02 23:23:27,313 [INFO] IPUIPlugin:80 - create IPUIPlugin
2024-04-02 23:23:27,313 [INFO] PluginManager:220 - loadIPPluginJar : add adc
2024-04-02 23:23:27,315 [INFO] IPUIPlugin:80 - create IPUIPlugin
2024-04-02 23:23:27,316 [INFO] PluginManager:220 - loadIPPluginJar : add aes
2024-04-02 23:23:27,318 [INFO] IPUIPlugin:80 - create IPUIPlugin
2024-04-02 23:23:27,318 [INFO] PluginManager:220 - loadIPPluginJar : add can
2024-04-02 23:23:27,319 [INFO] IPUIPlugin:80 - create IPUIPlugin
2024-04-02 23:23:27,319 [INFO] PluginManager:220 - loadIPPluginJar : add comp
2024-04-02 23:23:27,321 [INFO] IPUIPlugin:80 - create IPUIPlugin
2024-04-02 23:23:27,321 [INFO] PluginManager:220 - loadIPPluginJar : add cryp
2024-04-02 23:23:27,322 [INFO] IPUIPlugin:80 - create IPUIPlugin
2024-04-02 23:23:27,323 [INFO] PluginManager:220 - loadIPPluginJar : add dfsdm
2024-04-02 23:23:27,327 [INFO] IPUIPlugin:80 - create IPUIPlugin
2024-04-02 23:23:27,327 [INFO] PluginManager:220 - loadIPPluginJar : add dma
2024-04-02 23:23:27,330 [INFO] IPUIPlugin:80 - create IPUIPlugin
2024-04-02 23:23:27,330 [INFO] PluginManager:220 - loadIPPluginJar : add dma3
2024-04-02 23:23:27,332 [INFO] IPUIPlugin:80 - create IPUIPlugin
2024-04-02 23:23:27,332 [INFO] PluginManager:220 - loadIPPluginJar : add extmemmanager
2024-04-02 23:23:27,333 [INFO] IPUIPlugin:80 - create IPUIPlugin
2024-04-02 23:23:27,333 [INFO] PluginManager:220 - loadIPPluginJar : add fatfs
2024-04-02 23:23:27,337 [INFO] IPUIPlugin:80 - create IPUIPlugin
2024-04-02 23:23:27,337 [INFO] PluginManager:220 - loadIPPluginJar : add fmc
2024-04-02 23:23:27,340 [INFO] IPUIPlugin:80 - create IPUIPlugin
2024-04-02 23:23:27,340 [INFO] PluginManager:220 - loadIPPluginJar : add freertos
2024-04-02 23:23:27,342 [INFO] IPUIPlugin:80 - create IPUIPlugin
2024-04-02 23:23:27,342 [INFO] PluginManager:220 - loadIPPluginJar : add genericplugin
2024-04-02 23:23:27,343 [INFO] IPUIPlugin:80 - create IPUIPlugin
2024-04-02 23:23:27,343 [INFO] PluginManager:220 - loadIPPluginJar : add gfxmmu
2024-04-02 23:23:27,347 [INFO] IPUIPlugin:80 - create IPUIPlugin
2024-04-02 23:23:27,347 [INFO] PluginManager:220 - loadIPPluginJar : add gic
2024-04-02 23:23:27,350 [INFO] IPUIPlugin:80 - create IPUIPlugin
2024-04-02 23:23:27,350 [INFO] PluginManager:220 - loadIPPluginJar : add gpio
2024-04-02 23:23:27,351 [INFO] IPUIPlugin:80 - create IPUIPlugin
2024-04-02 23:23:27,351 [INFO] PluginManager:220 - loadIPPluginJar : add gtzc
2024-04-02 23:23:27,354 [INFO] IPUIPlugin:80 - create IPUIPlugin
2024-04-02 23:23:27,354 [INFO] PluginManager:220 - loadIPPluginJar : add hash
2024-04-02 23:23:27,356 [INFO] IPUIPlugin:80 - create IPUIPlugin
2024-04-02 23:23:27,356 [INFO] PluginManager:220 - loadIPPluginJar : add i2c
2024-04-02 23:23:27,357 [INFO] IPUIPlugin:80 - create IPUIPlugin
2024-04-02 23:23:27,357 [INFO] PluginManager:220 - loadIPPluginJar : add i2s
2024-04-02 23:23:27,360 [INFO] IPUIPlugin:80 - create IPUIPlugin
2024-04-02 23:23:27,360 [INFO] PluginManager:220 - loadIPPluginJar : add i3c
2024-04-02 23:23:27,363 [INFO] IPUIPlugin:80 - create IPUIPlugin
2024-04-02 23:23:27,363 [INFO] PluginManager:220 - loadIPPluginJar : add ipddr
2024-04-02 23:23:27,368 [INFO] IPUIPlugin:80 - create IPUIPlugin
2024-04-02 23:23:27,369 [INFO] PluginManager:220 - loadIPPluginJar : add linkedlist
2024-04-02 23:23:27,371 [INFO] IPUIPlugin:80 - create IPUIPlugin
2024-04-02 23:23:27,371 [INFO] PluginManager:220 - loadIPPluginJar : add lorawan
2024-04-02 23:23:27,372 [INFO] IPUIPlugin:80 - create IPUIPlugin
2024-04-02 23:23:27,372 [INFO] PluginManager:220 - loadIPPluginJar : add ltdc
2024-04-02 23:23:27,377 [INFO] IPUIPlugin:80 - create IPUIPlugin
2024-04-02 23:23:27,377 [INFO] PluginManager:220 - loadIPPluginJar : add mdma
2024-04-02 23:23:27,379 [INFO] IPUIPlugin:80 - create IPUIPlugin
2024-04-02 23:23:27,380 [INFO] PluginManager:220 - loadIPPluginJar : add nvic
2024-04-02 23:23:27,381 [INFO] IPUIPlugin:80 - create IPUIPlugin
2024-04-02 23:23:27,381 [INFO] PluginManager:220 - loadIPPluginJar : add opamp
2024-04-02 23:23:27,384 [INFO] IPUIPlugin:80 - create IPUIPlugin
2024-04-02 23:23:27,384 [INFO] PluginManager:220 - loadIPPluginJar : add openamp
2024-04-02 23:23:27,386 [INFO] IPUIPlugin:80 - create IPUIPlugin
2024-04-02 23:23:27,386 [INFO] PluginManager:220 - loadIPPluginJar : add pdm2pcm
2024-04-02 23:23:27,390 [INFO] IPUIPlugin:80 - create IPUIPlugin
2024-04-02 23:23:27,392 [INFO] PluginManager:220 - loadIPPluginJar : add plateformsettings
2024-04-02 23:23:27,393 [INFO] IPUIPlugin:80 - create IPUIPlugin
2024-04-02 23:23:27,393 [INFO] PluginManager:220 - loadIPPluginJar : add quadspi
2024-04-02 23:23:27,396 [INFO] IPUIPlugin:80 - create IPUIPlugin
2024-04-02 23:23:27,396 [INFO] PluginManager:220 - loadIPPluginJar : add resmgrutility
2024-04-02 23:23:27,399 [INFO] IPUIPlugin:80 - create IPUIPlugin
2024-04-02 23:23:27,399 [INFO] PluginManager:220 - loadIPPluginJar : add sai
2024-04-02 23:23:27,401 [INFO] IPUIPlugin:80 - create IPUIPlugin
2024-04-02 23:23:27,401 [INFO] PluginManager:220 - loadIPPluginJar : add spi
2024-04-02 23:23:27,405 [INFO] IPUIPlugin:80 - create IPUIPlugin
2024-04-02 23:23:27,405 [INFO] PluginManager:220 - loadIPPluginJar : add stm32_wpan
2024-04-02 23:23:27,407 [INFO] IPUIPlugin:80 - create IPUIPlugin
2024-04-02 23:23:27,407 [INFO] PluginManager:220 - loadIPPluginJar : add tim
2024-04-02 23:23:27,409 [INFO] IPUIPlugin:80 - create IPUIPlugin
2024-04-02 23:23:27,410 [INFO] PluginManager:220 - loadIPPluginJar : add touchsensing
2024-04-02 23:23:27,411 [INFO] IPUIPlugin:80 - create IPUIPlugin
2024-04-02 23:23:27,411 [INFO] PluginManager:220 - loadIPPluginJar : add tracer_emb
2024-04-02 23:23:27,412 [INFO] IPUIPlugin:80 - create IPUIPlugin
2024-04-02 23:23:27,412 [INFO] PluginManager:220 - loadIPPluginJar : add ts
2024-04-02 23:23:27,415 [INFO] IPUIPlugin:80 - create IPUIPlugin
2024-04-02 23:23:27,415 [INFO] PluginManager:220 - loadIPPluginJar : add tsc
2024-04-02 23:23:27,416 [INFO] IPUIPlugin:80 - create IPUIPlugin
2024-04-02 23:23:27,417 [INFO] PluginManager:220 - loadIPPluginJar : add ucpd
2024-04-02 23:23:27,419 [INFO] IPUIPlugin:80 - create IPUIPlugin
2024-04-02 23:23:27,419 [INFO] PluginManager:220 - loadIPPluginJar : add usart
2024-04-02 23:23:27,422 [INFO] IPUIPlugin:80 - create IPUIPlugin
2024-04-02 23:23:27,422 [INFO] PluginManager:220 - loadIPPluginJar : add usbx
2024-04-02 23:23:27,556 [INFO] CADModel:165 - CPN selected for project level
2024-04-02 23:23:27,556 [INFO] CADModel:114 - Register for checkConnection events
2024-04-02 23:23:27,556 [FATAL] Updater:308 - Updater called before beeing initialized
2024-04-02 23:23:27,556 [ERROR] CADModel:125 - Updater not yet initialized, retry later 
2024-04-02 23:23:27,682 [INFO] CADModel:165 - CPN selected for project level
2024-04-02 23:23:27,682 [INFO] CADModel:114 - Register for checkConnection events
2024-04-02 23:23:27,682 [FATAL] Updater:308 - Updater called before beeing initialized
2024-04-02 23:23:27,682 [ERROR] CADModel:125 - Updater not yet initialized, retry later 
2024-04-02 23:23:27,685 [FATAL] Updater:308 - Updater called before beeing initialized
2024-04-02 23:23:27,840 [FATAL] Updater:308 - Updater called before beeing initialized
2024-04-02 23:23:27,843 [INFO] DbMcusAds:53 - JSON generation date=Wed Nov 29 07:52:27 BRT 2023 (1701255147349)
2024-04-02 23:23:27,843 [FATAL] Updater:308 - Updater called before beeing initialized
2024-04-02 23:23:27,874 [WARN] DetailPanel:346 - Failed to get advertising image, set to default
2024-04-02 23:23:27,979 [FATAL] Updater:308 - Updater called before beeing initialized
2024-04-02 23:23:27,981 [FATAL] Updater:308 - Updater called before beeing initialized
2024-04-02 23:23:27,981 [FATAL] Updater:308 - Updater called before beeing initialized
2024-04-02 23:23:27,981 [WARN] DetailPanel:346 - Failed to get advertising image, set to default
2024-04-02 23:23:27,982 [FATAL] Updater:308 - Updater called before beeing initialized
2024-04-02 23:23:28,034 [ERROR] Updater:1120 - MainUpdater not yet initialized. External WinMGr cannot be set.
2024-04-02 23:23:28,035 [INFO] Updater:1056 - Updater Version found : 6.11.0
2024-04-02 23:23:28,052 [INFO] ApplicationProperties:184 - Using Application install path: C:\ST\STM32CubeIDE_1.15.0\STM32CubeIDE\plugins\com.st.stm32cube.common.mx_6.11.0.202403141607
2024-04-02 23:23:28,356 [INFO] MainUpdater:2873 - connection check result : 10
2024-04-02 23:23:28,357 [INFO] MainUpdater:290 - Updater Check For Update Now.
2024-04-02 23:23:28,357 [INFO] MicroXplorer:498 - Change Database Version : DB.6.0.110
2024-04-02 23:23:28,362 [INFO] McuFinderGlobals:63 - Set McuFinder mode to 2 (CubeIDE integrated)
2024-04-02 23:23:28,363 [INFO] UserAuth:179 - activating auth plugin
2024-04-02 23:23:28,365 [INFO] UserAuth:415 - Internet connection configuration mode: 1
2024-04-02 23:23:28,382 [INFO] JxBrowserEngine:152 - Initiate JxBrowser Engine with user profile folder
2024-04-02 23:23:28,535 [INFO] CheckServerUpdateThread:120 - End of CheckServer Thread
2024-04-02 23:23:29,047 [INFO] WebApp:161 - Instantiating new browser for Auth
2024-04-02 23:23:29,515 [INFO] WebApp:779 - Register for checkConnection events
2024-04-02 23:23:29,515 [INFO] WebApp:414 - Apply proxy settings
2024-04-02 23:23:29,515 [INFO] WebApp:499 - Chromium requires no authentication
2024-04-02 23:23:29,521 [INFO] WebApp:442 - Direct internet connection detected
2024-04-02 23:23:29,651 [INFO] WebApp:192 - Starting web application
2024-04-02 23:23:29,651 [INFO] WebApp:544 - Web application path used C:\ST\STM32CubeIDE_1.15.0\STM32CubeIDE\plugins\com.st.stm32cube.common.mx_6.11.0.202403141607\db\plugins\mcufinder\reactClient1\index.html
2024-04-02 23:23:30,058 [WARN] PackLoader:240 - Cannot read IP mode file for STMicroelectronics.X-CUBE-SMBUS.2.1.0
2024-04-02 23:23:30,065 [WARN] PackLoader:240 - Cannot read IP mode file for STMicroelectronics.X-CUBE-TOUCHGFX.4.23.1
2024-04-02 23:23:30,067 [WARN] PackLoader:240 - Cannot read IP mode file for STMicroelectronics.X-CUBE-TOUCHGFX.4.23.0
2024-04-02 23:23:30,153 [WARN] PackLoader:240 - Cannot read IP mode file for STMicroelectronics.X-CUBE-MEMS1.9.2.0
2024-04-02 23:23:30,345 [WARN] PackLoader:240 - Cannot read IP mode file for STMicroelectronics.X-CUBE-TOUCHGFX.4.23.2
2024-04-02 23:23:30,367 [WARN] PackLoader:240 - Cannot read IP mode file for STMicroelectronics.X-CUBE-AZRTOS-F7.1.1.0
2024-04-02 23:23:30,382 [WARN] PackLoader:240 - Cannot read IP mode file for STMicroelectronics.FP-SNS-MOTENV1.4.3.2
2024-04-02 23:23:30,391 [WARN] PackLoader:240 - Cannot read IP mode file for STMicroelectronics.X-CUBE-BLE1.6.2.3
2024-04-02 23:23:30,396 [WARN] PackLoader:240 - Cannot read IP mode file for STMicroelectronics.X-CUBE-BLE1.6.2.4
2024-04-02 23:23:30,401 [WARN] PackLoader:240 - Cannot read IP mode file for STMicroelectronics.FP-SNS-FLIGHT1.5.0.2
2024-04-02 23:23:30,413 [WARN] PackLoader:240 - Cannot read IP mode file for STMicroelectronics.X-CUBE-TOF1.3.1.0
2024-04-02 23:23:30,427 [WARN] PackLoader:240 - Cannot read IP mode file for STMicroelectronics.X-CUBE-DISPLAY.3.0.0
2024-04-02 23:23:30,441 [WARN] PackLoader:240 - Cannot read IP mode file for STMicroelectronics.X-CUBE-BLE1.7.0.0
2024-04-02 23:23:30,478 [WARN] PackLoader:240 - Cannot read IP mode file for STMicroelectronics.X-CUBE-MEMS1.9.3.0
2024-04-02 23:23:30,567 [WARN] PackLoader:240 - Cannot read IP mode file for STMicroelectronics.X-CUBE-AI.7.2.0
2024-04-02 23:23:30,575 [WARN] PackLoader:240 - Cannot read IP mode file for STMicroelectronics.X-CUBE-BLEMGR.3.1.0
2024-04-02 23:23:30,579 [WARN] PackLoader:240 - Cannot read IP mode file for STMicroelectronics.FP-SNS-SMARTAG2.1.2.0
2024-04-02 23:23:30,589 [INFO] LogOutputStream:77 - [STDOUT_REDIRECT] 1 : Invalid condition id : UX_CORESTACK_Condition cause : null
2024-04-02 23:23:30,589 [INFO] LogOutputStream:77 - [STDOUT_REDIRECT] 1 : Invalid condition id : UX_CORESTACK_Condition cause : null
2024-04-02 23:23:30,590 [INFO] LogOutputStream:77 - [STDOUT_REDIRECT] 1 : Invalid condition id : UX_CORESTACK_Condition cause : null
2024-04-02 23:23:30,592 [INFO] LogOutputStream:77 - [STDOUT_REDIRECT] 1 : Invalid condition id : UX_CORESTACK_Condition cause : null
2024-04-02 23:23:30,593 [INFO] LogOutputStream:77 - [STDOUT_REDIRECT] 1 : Invalid condition id : UX_CORESTACK_Condition cause : null
2024-04-02 23:23:30,596 [WARN] PackLoader:240 - Cannot read IP mode file for STMicroelectronics.X-CUBE-AZRTOS-WL.2.0.0
2024-04-02 23:23:30,600 [WARN] PackLoader:240 - Cannot read IP mode file for STMicroelectronics.FP-SNS-MOTENV1.5.0.0
2024-04-02 23:23:30,608 [WARN] PackLoader:240 - Cannot read IP mode file for WES.I-CUBE-Cesium.1.3.0
2024-04-02 23:23:30,613 [WARN] PackLoader:240 - Cannot read IP mode file for STMicroelectronics.X-CUBE-BLE2.3.3.0
2024-04-02 23:23:30,618 [WARN] PackLoader:240 - Cannot read IP mode file for STMicroelectronics.X-CUBE-DISPLAY.2.2.0
2024-04-02 23:23:30,625 [WARN] PackLoader:240 - Cannot read IP mode file for STMicroelectronics.X-CUBE-TOF1.3.2.0
2024-04-02 23:23:30,631 [WARN] PackLoader:240 - Cannot read IP mode file for STMicroelectronics.X-CUBE-ISPU.1.0.0
2024-04-02 23:23:30,644 [WARN] PackLoader:240 - Cannot read IP mode file for STMicroelectronics.X-CUBE-AZRTOS-H7.2.1.0
2024-04-02 23:23:30,649 [WARN] PackLoader:240 - Cannot read IP mode file for STMicroelectronics.X-CUBE-TOUCHGFX.4.21.1
2024-04-02 23:23:30,652 [WARN] PackLoader:240 - Cannot read IP mode file for STMicroelectronics.X-CUBE-TOUCHGFX.4.21.0
2024-04-02 23:23:30,690 [WARN] PackLoader:240 - Cannot read IP mode file for STMicroelectronics.X-CUBE-MEMS1.9.4.0
2024-04-02 23:23:30,775 [WARN] PackLoader:240 - Cannot read IP mode file for STMicroelectronics.X-CUBE-AI.7.3.0
2024-04-02 23:23:30,782 [WARN] PackLoader:240 - Cannot read IP mode file for STMicroelectronics.X-CUBE-ALGOBUILD.1.3.0
2024-04-02 23:23:30,796 [WARN] PackLoader:240 - Cannot read IP mode file for STMicroelectronics.X-CUBE-AZRTOS-G0.1.1.0
2024-04-02 23:23:30,811 [WARN] PackLoader:240 - Cannot read IP mode file for STMicroelectronics.X-CUBE-SAFEA1.1.2.2
2024-04-02 23:23:30,816 [WARN] PackLoader:240 - Cannot read IP mode file for STMicroelectronics.X-CUBE-NFC4.3.0.0
2024-04-02 23:23:30,847 [WARN] PackLoader:240 - Cannot read IP mode file for SEGGER.I-CUBE-embOS.1.2.0
2024-04-02 23:23:30,885 [WARN] PackLoader:240 - Cannot read IP mode file for STMicroelectronics.X-CUBE-BLEMGR.3.0.0
2024-04-02 23:23:30,893 [WARN] PackLoader:240 - Cannot read IP mode file for STMicroelectronics.X-CUBE-BLEMGR.1.3.0
2024-04-02 23:23:30,899 [WARN] PackLoader:240 - Cannot read IP mode file for STMicroelectronics.FP-ATR-SIGFOX1.3.2.0
2024-04-02 23:23:30,906 [WARN] PackLoader:240 - Cannot read IP mode file for STMicroelectronics.X-CUBE-EEPRMA1.5.1.0
2024-04-02 23:23:30,914 [WARN] PackLoader:240 - Cannot read IP mode file for emotas.I-CUBE-CANOPEN.1.1.2
2024-04-02 23:23:30,917 [WARN] PackLoader:240 - Cannot read IP mode file for STMicroelectronics.X-CUBE-TOUCHGFX.4.20.0
2024-04-02 23:23:30,943 [WARN] PackLoader:240 - Cannot read IP mode file for STMicroelectronics.X-CUBE-MEMS1.9.5.0
2024-04-02 23:23:31,075 [WARN] PackLoader:240 - Cannot read IP mode file for SEGGER.I-CUBE-embOS.1.3.1
2024-04-02 23:23:31,106 [WARN] PackLoader:240 - Cannot read IP mode file for STMicroelectronics.X-CUBE-GNSS1.6.0.0
2024-04-02 23:23:31,120 [WARN] PackLoader:240 - Cannot read IP mode file for STMicroelectronics.X-CUBE-AZRTOS-F4.1.1.0
2024-04-02 23:23:31,129 [WARN] PackLoader:240 - Cannot read IP mode file for STMicroelectronics.X-CUBE-BLEMGR.1.2.0
2024-04-02 23:23:31,143 [WARN] PackLoader:240 - Cannot read IP mode file for STMicroelectronics.X-CUBE-AZRTOS-L5.2.0.0
2024-04-02 23:23:31,149 [WARN] PackLoader:240 - Cannot read IP mode file for STMicroelectronics.X-CUBE-EEPRMA1.4.2.0
2024-04-02 23:23:31,158 [WARN] PackLoader:240 - Cannot read IP mode file for STMicroelectronics.X-CUBE-NFC6.3.1.0
2024-04-02 23:23:31,165 [WARN] PackLoader:240 - Cannot read IP mode file for ITTIA_DB.I-CUBE-ITTIADB.8.8.0
2024-04-02 23:23:31,172 [WARN] PackLoader:240 - Cannot read IP mode file for STMicroelectronics.X-CUBE-BLEMGR.2.0.0
2024-04-02 23:23:31,178 [WARN] PackLoader:240 - Cannot read IP mode file for STMicroelectronics.X-CUBE-NFC4.2.0.5
2024-04-02 23:23:31,183 [WARN] PackLoader:240 - Cannot read IP mode file for STMicroelectronics.X-CUBE-NFC4.2.0.4
2024-04-02 23:23:31,200 [WARN] PackLoader:240 - Cannot read IP mode file for STMicroelectronics.X-CUBE-AZRTOS-F4.1.0.0
2024-04-02 23:23:31,217 [WARN] PackLoader:240 - Cannot read IP mode file for STMicroelectronics.X-CUBE-NFC7.1.0.1
2024-04-02 23:23:31,222 [WARN] PackLoader:240 - Cannot read IP mode file for STMicroelectronics.X-CUBE-NFC7.1.0.0
2024-04-02 23:23:31,229 [WARN] PackLoader:240 - Cannot read IP mode file for STMicroelectronics.X-CUBE-NFC6.3.0.0
2024-04-02 23:23:31,253 [WARN] PackLoader:240 - Cannot read IP mode file for STMicroelectronics.X-CUBE-EEPRMA1.4.1.0
2024-04-02 23:23:31,257 [WARN] PackLoader:240 - Cannot read IP mode file for STMicroelectronics.X-CUBE-AI.8.1.0
2024-04-02 23:23:31,270 [WARN] ConditionMgr:438 - getConditionDescription Invalid condition id : LAN8742 Phy interface Condition cause : null
2024-04-02 23:23:31,270 [WARN] PackLoader:240 - Cannot read IP mode file for STMicroelectronics.X-CUBE-AZRTOS-L4.2.0.0
2024-04-02 23:23:31,272 [WARN] ConditionMgr:1039 - genDependencies : Invalid condition id : LAN8742 Phy interface Condition cause : null
2024-04-02 23:23:31,272 [WARN] ConditionMgr:1039 - genDependencies : Invalid condition id : LAN8742 Phy interface Condition cause : null
2024-04-02 23:23:31,273 [WARN] ConditionMgr:1039 - genDependencies : Invalid condition id : LAN8742 Phy interface Condition cause : null
2024-04-02 23:23:31,279 [WARN] PackLoader:240 - Cannot read IP mode file for STMicroelectronics.X-CUBE-SFXS2LP1.4.0.0
2024-04-02 23:23:31,291 [WARN] PackLoader:240 - Cannot read IP mode file for STMicroelectronics.X-CUBE-AZRTOS-H7.3.0.0
2024-04-02 23:23:31,296 [WARN] PackLoader:240 - Cannot read IP mode file for STMicroelectronics.X-CUBE-ISPU.1.1.0
2024-04-02 23:23:31,301 [WARN] PackLoader:240 - Cannot read IP mode file for RoweBots.I-CUBE-UNISONRTOS.5.5.0-4
2024-04-02 23:23:31,305 [WARN] PackLoader:240 - Cannot read IP mode file for STMicroelectronics.X-CUBE-AI.8.0.0
2024-04-02 23:23:31,316 [WARN] ConditionMgr:438 - getConditionDescription Invalid condition id : UX DEVICE CLASS RTOS Condition cause : null
2024-04-02 23:23:31,316 [WARN] ConditionMgr:438 - getConditionDescription Invalid condition id : UX DEVICE CLASS RTOS Condition cause : null
2024-04-02 23:23:31,318 [WARN] PackLoader:240 - Cannot read IP mode file for STMicroelectronics.X-CUBE-AZRTOS-WB.2.0.0
2024-04-02 23:23:31,319 [WARN] ConditionMgr:1039 - genDependencies : Invalid condition id : UX DEVICE CLASS RTOS Condition cause : null
2024-04-02 23:23:31,319 [WARN] ConditionMgr:1039 - genDependencies : Invalid condition id : UX DEVICE CLASS RTOS Condition cause : null
2024-04-02 23:23:31,320 [WARN] ConditionMgr:1039 - genDependencies : Invalid condition id : UX DEVICE CLASS RTOS Condition cause : null
2024-04-02 23:23:31,320 [WARN] ConditionMgr:1039 - genDependencies : Invalid condition id : UX DEVICE CLASS RTOS Condition cause : null
2024-04-02 23:23:31,320 [WARN] ConditionMgr:1039 - genDependencies : Invalid condition id : UX DEVICE CLASS RTOS Condition cause : null
2024-04-02 23:23:31,325 [WARN] PackLoader:240 - Cannot read IP mode file for STMicroelectronics.X-CUBE-FREERTOS.1.0.0
2024-04-02 23:23:31,336 [WARN] PackLoader:240 - Cannot read IP mode file for STMicroelectronics.X-CUBE-AZRTOS-L5.1.1.0
2024-04-02 23:23:31,346 [WARN] PackLoader:240 - Cannot read IP mode file for STMicroelectronics.X-CUBE-SUBG2.5.0.0
2024-04-02 23:23:31,359 [WARN] PackLoader:240 - Cannot read IP mode file for STMicroelectronics.X-CUBE-AZRTOS-G4.2.0.0
2024-04-02 23:23:31,364 [WARN] PackLoader:240 - Cannot read IP mode file for STMicroelectronics.FP-ATR-ASTRA1.1.1.1
2024-04-02 23:23:31,375 [WARN] PackLoader:240 - Cannot read IP mode file for Infineon.AIROC-Wi-Fi-Bluetooth-STM32.1.5.1
2024-04-02 23:23:31,380 [WARN] PackLoader:240 - Cannot read IP mode file for STMicroelectronics.FP-ATR-ASTRA1.1.1.0
2024-04-02 23:23:31,385 [WARN] PackLoader:240 - Cannot read IP mode file for STMicroelectronics.FP-SNS-MOTENVWB1.1.3.1
2024-04-02 23:23:31,398 [WARN] PackLoader:240 - Cannot read IP mode file for STMicroelectronics.X-CUBE-AZRTOS-G4.1.0.0
2024-04-02 23:23:31,405 [WARN] PackLoader:240 - Cannot read IP mode file for wolfSSL.I-CUBE-wolfSSL.5.3.0
2024-04-02 23:23:31,416 [WARN] PackLoader:240 - Cannot read IP mode file for STMicroelectronics.X-CUBE-AZRTOS-L4.1.0.0
2024-04-02 23:23:31,427 [WARN] PackLoader:240 - Cannot read IP mode file for STMicroelectronics.X-CUBE-ISPU.2.0.0
2024-04-02 23:23:31,449 [WARN] PackLoader:240 - Cannot read IP mode file for STMicroelectronics.X-CUBE-MEMS1.10.0.0
2024-04-02 23:23:31,531 [WARN] PackLoader:240 - Cannot read IP mode file for STMicroelectronics.X-CUBE-FREERTOS.1.1.0
2024-04-02 23:23:31,541 [WARN] PackLoader:240 - Cannot read IP mode file for STMicroelectronics.X-CUBE-AZRTOS-F7.1.0.0
2024-04-02 23:23:31,555 [WARN] PackLoader:240 - Cannot read IP mode file for STMicroelectronics.X-CUBE-AZRTOS-WL.1.0.0
2024-04-02 23:23:31,562 [WARN] PackLoader:240 - Cannot read IP mode file for portGmbH.I-Cube-SoM-uGOAL.1.1.0
2024-04-02 23:23:31,566 [WARN] PackLoader:240 - Cannot read IP mode file for STMicroelectronics.X-CUBE-ALS.1.0.1
2024-04-02 23:23:31,577 [WARN] PackLoader:240 - Cannot read IP mode file for STMicroelectronics.X-CUBE-AZRTOS-WB.1.1.0
2024-04-02 23:23:31,591 [WARN] PackLoader:240 - Cannot read IP mode file for STMicroelectronics.X-CUBE-AZRTOS-L5.1.0.0
2024-04-02 23:23:31,597 [WARN] PackLoader:240 - Cannot read IP mode file for STMicroelectronics.X-CUBE-EEPRMA1.3.1.1
2024-04-02 23:23:31,604 [WARN] PackLoader:240 - Cannot read IP mode file for STMicroelectronics.FP-ATR-ASTRA1.2.0.0
2024-04-02 23:23:31,613 [WARN] PackLoader:240 - Cannot read IP mode file for STMicroelectronics.X-CUBE-TOF1.3.4.0
2024-04-02 23:23:31,628 [WARN] PackLoader:240 - Cannot read IP mode file for STMicroelectronics.X-CUBE-TOF1.3.4.1
2024-04-02 23:23:31,646 [WARN] PackLoader:240 - Cannot read IP mode file for STMicroelectronics.X-CUBE-AZRTOS-H7.3.2.0
2024-04-02 23:23:31,648 [INFO] ThirdParty:978 - Integrity check success = true
2024-04-02 23:23:31,648 [INFO] IntegrityCheckThread:100 - exiting critical section [integrity check]
2024-04-02 23:23:31,648 [INFO] IntegrityCheckThread:103 - End integrity checks thread
2024-04-02 23:24:59,252 [ERROR] LogOutputStream:75 - [STDERR_REDIRECT] 
